<?xml version="1.0" encoding="UTF-8"?>
<!-- Generated by org.testng.reporters.JUnitXMLReporter -->
<testsuite ignored="6" hostname="Apples-MacBook-Pro.local" failures="0" tests="4" name="Test" time="156.516" errors="0" timestamp="2022-09-26T22:24:24 IST">
  <testcase classname="Tests.FilterTester" name="selectPendingFilterInLiveCustomers" time="20.986"/>
  <testcase classname="Tests.SearchTester" name="searchFunction" time="12.024"/>
  <testcase classname="Tests.FilterTesterSecond" name="selectHeadquarterFilterInRejectedCustomers" time="20.205"/>
  <testcase classname="Tests.SortingTester" name="testSorting" time="14.479"/>
  <testcase classname="Tests.BaseRetailTest" name="@AfterSuite tearDown" time="0.0">
    <ignored/>
  </testcase> <!-- @AfterSuite tearDown -->
  <testcase classname="Tests.BaseRetailTest" name="@AfterSuite tearDown" time="0.0">
    <ignored/>
  </testcase> <!-- @AfterSuite tearDown -->
  <testcase classname="Tests.BaseRetailTest" name="@AfterSuite tearDown" time="0.0">
    <ignored/>
  </testcase> <!-- @AfterSuite tearDown -->
  <testcase classname="Tests.BaseRetailTest" name="@BeforeSuite ExtentReport" time="0.0">
    <ignored/>
  </testcase> <!-- @BeforeSuite ExtentReport -->
  <testcase classname="Tests.BaseRetailTest" name="@BeforeSuite ExtentReport" time="0.0">
    <ignored/>
  </testcase> <!-- @BeforeSuite ExtentReport -->
  <testcase classname="Tests.BaseRetailTest" name="@BeforeSuite ExtentReport" time="0.0">
    <ignored/>
  </testcase> <!-- @BeforeSuite ExtentReport -->
</testsuite> <!-- Test -->
